c:\users\hamzzi\desktop\ai_practice\source\vs2010\buckland_chapter7 to 10_raven\debug\raven.bsc
c:\users\hamzzi\desktop\ai_practice\source\vs2010\buckland_chapter7 to 10_raven\debug\vc143.pdb
c:\users\hamzzi\desktop\ai_practice\source\vs2010\buckland_chapter7 to 10_raven\debug\vc143.idb
c:\users\hamzzi\desktop\ai_practice\source\vs2010\buckland_chapter7 to 10_raven\debug\framecounter.sbr
c:\users\hamzzi\desktop\ai_practice\source\vs2010\buckland_chapter7 to 10_raven\debug\crudetimer.sbr
c:\users\hamzzi\desktop\ai_practice\source\vs2010\buckland_chapter7 to 10_raven\debug\crudetimer.obj
c:\users\hamzzi\desktop\ai_practice\source\vs2010\buckland_chapter7 to 10_raven\debug\crudetimer.asm
c:\users\hamzzi\desktop\ai_practice\source\vs2010\buckland_chapter7 to 10_raven\debug\framecounter.obj
c:\users\hamzzi\desktop\ai_practice\source\vs2010\buckland_chapter7 to 10_raven\debug\framecounter.asm
c:\users\hamzzi\desktop\ai_practice\source\vs2010\buckland_chapter7 to 10_raven\debug\goal_sayphrase.sbr
c:\users\hamzzi\desktop\ai_practice\source\vs2010\buckland_chapter7 to 10_raven\debug\goal_sayphrase.obj
c:\users\hamzzi\desktop\ai_practice\source\vs2010\buckland_chapter7 to 10_raven\debug\goal_sayphrase.asm
c:\users\hamzzi\desktop\ai_practice\source\vs2010\buckland_chapter7 to 10_raven\debug\raven_useroptions.sbr
c:\users\hamzzi\desktop\ai_practice\source\vs2010\buckland_chapter7 to 10_raven\debug\raven_useroptions.obj
c:\users\hamzzi\desktop\ai_practice\source\vs2010\buckland_chapter7 to 10_raven\debug\raven_useroptions.asm
c:\users\hamzzi\desktop\ai_practice\source\vs2010\buckland_chapter7 to 10_raven\debug\main.sbr
c:\users\hamzzi\desktop\ai_practice\source\vs2010\buckland_chapter7 to 10_raven\debug\main.obj
c:\users\hamzzi\desktop\ai_practice\source\vs2010\buckland_chapter7 to 10_raven\debug\main.asm
c:\users\hamzzi\desktop\ai_practice\source\vs2010\buckland_chapter7 to 10_raven\debug\raven_bot.sbr
c:\users\hamzzi\desktop\ai_practice\source\vs2010\buckland_chapter7 to 10_raven\debug\raven_bot.obj
c:\users\hamzzi\desktop\ai_practice\source\vs2010\buckland_chapter7 to 10_raven\debug\raven_bot.asm
c:\users\hamzzi\desktop\ai_practice\source\vs2010\buckland_chapter7 to 10_raven\debug\goal_attacktarget.sbr
c:\users\hamzzi\desktop\ai_practice\source\vs2010\buckland_chapter7 to 10_raven\debug\goal_attacktarget.obj
c:\users\hamzzi\desktop\ai_practice\source\vs2010\buckland_chapter7 to 10_raven\debug\goal_attacktarget.asm
c:\users\hamzzi\desktop\ai_practice\source\vs2010\buckland_chapter7 to 10_raven\debug\goal_runaway.sbr
c:\users\hamzzi\desktop\ai_practice\source\vs2010\buckland_chapter7 to 10_raven\debug\raven_pathplanner.sbr
c:\users\hamzzi\desktop\ai_practice\source\vs2010\buckland_chapter7 to 10_raven\debug\raven_pathplanner.obj
c:\users\hamzzi\desktop\ai_practice\source\vs2010\buckland_chapter7 to 10_raven\debug\raven_pathplanner.asm
c:\users\hamzzi\desktop\ai_practice\source\vs2010\buckland_chapter7 to 10_raven\debug\trigger_weapongiver.sbr
c:\users\hamzzi\desktop\ai_practice\source\vs2010\buckland_chapter7 to 10_raven\debug\trigger_soundnotify.sbr
c:\users\hamzzi\desktop\ai_practice\source\vs2010\buckland_chapter7 to 10_raven\debug\trigger_healthgiver.sbr
c:\users\hamzzi\desktop\ai_practice\source\vs2010\buckland_chapter7 to 10_raven\debug\raven_scriptor.sbr
c:\users\hamzzi\desktop\ai_practice\source\vs2010\buckland_chapter7 to 10_raven\debug\raven_goal_types.sbr
c:\users\hamzzi\desktop\ai_practice\source\vs2010\buckland_chapter7 to 10_raven\debug\raven_feature.sbr
c:\users\hamzzi\desktop\ai_practice\source\vs2010\buckland_chapter7 to 10_raven\debug\goal_wander.sbr
c:\users\hamzzi\desktop\ai_practice\source\vs2010\buckland_chapter7 to 10_raven\debug\goal_traverseedge.sbr
c:\users\hamzzi\desktop\ai_practice\source\vs2010\buckland_chapter7 to 10_raven\debug\goal_think.sbr
c:\users\hamzzi\desktop\ai_practice\source\vs2010\buckland_chapter7 to 10_raven\debug\goal_seektoposition.sbr
c:\users\hamzzi\desktop\ai_practice\source\vs2010\buckland_chapter7 to 10_raven\debug\goal_negotiatedoor.sbr
c:\users\hamzzi\desktop\ai_practice\source\vs2010\buckland_chapter7 to 10_raven\debug\goal_movetoposition.sbr
c:\users\hamzzi\desktop\ai_practice\source\vs2010\buckland_chapter7 to 10_raven\debug\goal_hunttarget.sbr
c:\users\hamzzi\desktop\ai_practice\source\vs2010\buckland_chapter7 to 10_raven\debug\goal_getitem.sbr
c:\users\hamzzi\desktop\ai_practice\source\vs2010\buckland_chapter7 to 10_raven\debug\goal_followpath.sbr
c:\users\hamzzi\desktop\ai_practice\source\vs2010\buckland_chapter7 to 10_raven\debug\goal_explore.sbr
c:\users\hamzzi\desktop\ai_practice\source\vs2010\buckland_chapter7 to 10_raven\debug\goal_dodgesidetoside.sbr
c:\users\hamzzi\desktop\ai_practice\source\vs2010\buckland_chapter7 to 10_raven\debug\goal_dodgesidetoside.obj
c:\users\hamzzi\desktop\ai_practice\source\vs2010\buckland_chapter7 to 10_raven\debug\goal_dodgesidetoside.asm
c:\users\hamzzi\desktop\ai_practice\source\vs2010\buckland_chapter7 to 10_raven\debug\goal_explore.obj
c:\users\hamzzi\desktop\ai_practice\source\vs2010\buckland_chapter7 to 10_raven\debug\goal_explore.asm
c:\users\hamzzi\desktop\ai_practice\source\vs2010\buckland_chapter7 to 10_raven\debug\goal_followpath.obj
c:\users\hamzzi\desktop\ai_practice\source\vs2010\buckland_chapter7 to 10_raven\debug\goal_followpath.asm
c:\users\hamzzi\desktop\ai_practice\source\vs2010\buckland_chapter7 to 10_raven\debug\goal_getitem.obj
c:\users\hamzzi\desktop\ai_practice\source\vs2010\buckland_chapter7 to 10_raven\debug\goal_getitem.asm
c:\users\hamzzi\desktop\ai_practice\source\vs2010\buckland_chapter7 to 10_raven\debug\goal_hunttarget.obj
c:\users\hamzzi\desktop\ai_practice\source\vs2010\buckland_chapter7 to 10_raven\debug\goal_hunttarget.asm
c:\users\hamzzi\desktop\ai_practice\source\vs2010\buckland_chapter7 to 10_raven\debug\goal_movetoposition.obj
c:\users\hamzzi\desktop\ai_practice\source\vs2010\buckland_chapter7 to 10_raven\debug\goal_movetoposition.asm
c:\users\hamzzi\desktop\ai_practice\source\vs2010\buckland_chapter7 to 10_raven\debug\goal_negotiatedoor.obj
c:\users\hamzzi\desktop\ai_practice\source\vs2010\buckland_chapter7 to 10_raven\debug\goal_negotiatedoor.asm
c:\users\hamzzi\desktop\ai_practice\source\vs2010\buckland_chapter7 to 10_raven\debug\goal_seektoposition.obj
c:\users\hamzzi\desktop\ai_practice\source\vs2010\buckland_chapter7 to 10_raven\debug\goal_seektoposition.asm
c:\users\hamzzi\desktop\ai_practice\source\vs2010\buckland_chapter7 to 10_raven\debug\goal_think.obj
c:\users\hamzzi\desktop\ai_practice\source\vs2010\buckland_chapter7 to 10_raven\debug\goal_think.asm
c:\users\hamzzi\desktop\ai_practice\source\vs2010\buckland_chapter7 to 10_raven\debug\goal_traverseedge.obj
c:\users\hamzzi\desktop\ai_practice\source\vs2010\buckland_chapter7 to 10_raven\debug\goal_traverseedge.asm
c:\users\hamzzi\desktop\ai_practice\source\vs2010\buckland_chapter7 to 10_raven\debug\goal_wander.obj
c:\users\hamzzi\desktop\ai_practice\source\vs2010\buckland_chapter7 to 10_raven\debug\goal_wander.asm
c:\users\hamzzi\desktop\ai_practice\source\vs2010\buckland_chapter7 to 10_raven\debug\raven_feature.obj
c:\users\hamzzi\desktop\ai_practice\source\vs2010\buckland_chapter7 to 10_raven\debug\raven_feature.asm
c:\users\hamzzi\desktop\ai_practice\source\vs2010\buckland_chapter7 to 10_raven\debug\raven_goal_types.obj
c:\users\hamzzi\desktop\ai_practice\source\vs2010\buckland_chapter7 to 10_raven\debug\raven_goal_types.asm
c:\users\hamzzi\desktop\ai_practice\source\vs2010\buckland_chapter7 to 10_raven\debug\raven_scriptor.obj
c:\users\hamzzi\desktop\ai_practice\source\vs2010\buckland_chapter7 to 10_raven\debug\raven_scriptor.asm
c:\users\hamzzi\desktop\ai_practice\source\vs2010\buckland_chapter7 to 10_raven\debug\trigger_healthgiver.obj
c:\users\hamzzi\desktop\ai_practice\source\vs2010\buckland_chapter7 to 10_raven\debug\trigger_healthgiver.asm
c:\users\hamzzi\desktop\ai_practice\source\vs2010\buckland_chapter7 to 10_raven\debug\trigger_soundnotify.obj
c:\users\hamzzi\desktop\ai_practice\source\vs2010\buckland_chapter7 to 10_raven\debug\trigger_soundnotify.asm
c:\users\hamzzi\desktop\ai_practice\source\vs2010\buckland_chapter7 to 10_raven\debug\trigger_weapongiver.obj
c:\users\hamzzi\desktop\ai_practice\source\vs2010\buckland_chapter7 to 10_raven\debug\trigger_weapongiver.asm
c:\users\hamzzi\desktop\ai_practice\source\vs2010\buckland_chapter7 to 10_raven\debug\goal_adjustrange.sbr
c:\users\hamzzi\desktop\ai_practice\source\vs2010\buckland_chapter7 to 10_raven\debug\getweapongoal_evaluator.sbr
c:\users\hamzzi\desktop\ai_practice\source\vs2010\buckland_chapter7 to 10_raven\debug\gethealthgoal_evaluator.sbr
c:\users\hamzzi\desktop\ai_practice\source\vs2010\buckland_chapter7 to 10_raven\debug\exploregoal_evaluator.sbr
c:\users\hamzzi\desktop\ai_practice\source\vs2010\buckland_chapter7 to 10_raven\debug\attacktargetgoal_evaluator.sbr
c:\users\hamzzi\desktop\ai_practice\source\vs2010\buckland_chapter7 to 10_raven\debug\weapon_shotgun.sbr
c:\users\hamzzi\desktop\ai_practice\source\vs2010\buckland_chapter7 to 10_raven\debug\weapon_rocketlauncher.sbr
c:\users\hamzzi\desktop\ai_practice\source\vs2010\buckland_chapter7 to 10_raven\debug\weapon_railgun.sbr
c:\users\hamzzi\desktop\ai_practice\source\vs2010\buckland_chapter7 to 10_raven\debug\weapon_blaster.sbr
c:\users\hamzzi\desktop\ai_practice\source\vs2010\buckland_chapter7 to 10_raven\debug\raven_weapon.sbr
c:\users\hamzzi\desktop\ai_practice\source\vs2010\buckland_chapter7 to 10_raven\debug\raven_projectile.sbr
c:\users\hamzzi\desktop\ai_practice\source\vs2010\buckland_chapter7 to 10_raven\debug\projectile_slug.sbr
c:\users\hamzzi\desktop\ai_practice\source\vs2010\buckland_chapter7 to 10_raven\debug\projectile_rocket.sbr
c:\users\hamzzi\desktop\ai_practice\source\vs2010\buckland_chapter7 to 10_raven\debug\projectile_pellet.sbr
c:\users\hamzzi\desktop\ai_practice\source\vs2010\buckland_chapter7 to 10_raven\debug\projectile_bolt.sbr
c:\users\hamzzi\desktop\ai_practice\source\vs2010\buckland_chapter7 to 10_raven\debug\raven_weaponsystem.sbr
c:\users\hamzzi\desktop\ai_practice\source\vs2010\buckland_chapter7 to 10_raven\debug\raven_targetingsystem.sbr
c:\users\hamzzi\desktop\ai_practice\source\vs2010\buckland_chapter7 to 10_raven\debug\raven_steeringbehaviors.sbr
c:\users\hamzzi\desktop\ai_practice\source\vs2010\buckland_chapter7 to 10_raven\debug\raven_sensorymemory.sbr
c:\users\hamzzi\desktop\ai_practice\source\vs2010\buckland_chapter7 to 10_raven\debug\raven_map.sbr
c:\users\hamzzi\desktop\ai_practice\source\vs2010\buckland_chapter7 to 10_raven\debug\raven_map.obj
c:\users\hamzzi\desktop\ai_practice\source\vs2010\buckland_chapter7 to 10_raven\debug\raven_map.asm
c:\users\hamzzi\desktop\ai_practice\source\vs2010\buckland_chapter7 to 10_raven\debug\raven_sensorymemory.obj
c:\users\hamzzi\desktop\ai_practice\source\vs2010\buckland_chapter7 to 10_raven\debug\raven_sensorymemory.asm
c:\users\hamzzi\desktop\ai_practice\source\vs2010\buckland_chapter7 to 10_raven\debug\raven_steeringbehaviors.obj
c:\users\hamzzi\desktop\ai_practice\source\vs2010\buckland_chapter7 to 10_raven\debug\raven_steeringbehaviors.asm
c:\users\hamzzi\desktop\ai_practice\source\vs2010\buckland_chapter7 to 10_raven\debug\raven_targetingsystem.obj
c:\users\hamzzi\desktop\ai_practice\source\vs2010\buckland_chapter7 to 10_raven\debug\raven_targetingsystem.asm
c:\users\hamzzi\desktop\ai_practice\source\vs2010\buckland_chapter7 to 10_raven\debug\raven_weaponsystem.obj
c:\users\hamzzi\desktop\ai_practice\source\vs2010\buckland_chapter7 to 10_raven\debug\raven_weaponsystem.asm
c:\users\hamzzi\desktop\ai_practice\source\vs2010\buckland_chapter7 to 10_raven\debug\projectile_bolt.obj
c:\users\hamzzi\desktop\ai_practice\source\vs2010\buckland_chapter7 to 10_raven\debug\projectile_bolt.asm
c:\users\hamzzi\desktop\ai_practice\source\vs2010\buckland_chapter7 to 10_raven\debug\projectile_pellet.obj
c:\users\hamzzi\desktop\ai_practice\source\vs2010\buckland_chapter7 to 10_raven\debug\projectile_pellet.asm
c:\users\hamzzi\desktop\ai_practice\source\vs2010\buckland_chapter7 to 10_raven\debug\projectile_rocket.obj
c:\users\hamzzi\desktop\ai_practice\source\vs2010\buckland_chapter7 to 10_raven\debug\projectile_rocket.asm
c:\users\hamzzi\desktop\ai_practice\source\vs2010\buckland_chapter7 to 10_raven\debug\projectile_slug.obj
c:\users\hamzzi\desktop\ai_practice\source\vs2010\buckland_chapter7 to 10_raven\debug\projectile_slug.asm
c:\users\hamzzi\desktop\ai_practice\source\vs2010\buckland_chapter7 to 10_raven\debug\raven_projectile.obj
c:\users\hamzzi\desktop\ai_practice\source\vs2010\buckland_chapter7 to 10_raven\debug\raven_projectile.asm
c:\users\hamzzi\desktop\ai_practice\source\vs2010\buckland_chapter7 to 10_raven\debug\raven_weapon.obj
c:\users\hamzzi\desktop\ai_practice\source\vs2010\buckland_chapter7 to 10_raven\debug\raven_weapon.asm
c:\users\hamzzi\desktop\ai_practice\source\vs2010\buckland_chapter7 to 10_raven\debug\weapon_blaster.obj
c:\users\hamzzi\desktop\ai_practice\source\vs2010\buckland_chapter7 to 10_raven\debug\weapon_blaster.asm
c:\users\hamzzi\desktop\ai_practice\source\vs2010\buckland_chapter7 to 10_raven\debug\weapon_railgun.obj
c:\users\hamzzi\desktop\ai_practice\source\vs2010\buckland_chapter7 to 10_raven\debug\weapon_railgun.asm
c:\users\hamzzi\desktop\ai_practice\source\vs2010\buckland_chapter7 to 10_raven\debug\weapon_rocketlauncher.obj
c:\users\hamzzi\desktop\ai_practice\source\vs2010\buckland_chapter7 to 10_raven\debug\weapon_rocketlauncher.asm
c:\users\hamzzi\desktop\ai_practice\source\vs2010\buckland_chapter7 to 10_raven\debug\weapon_shotgun.obj
c:\users\hamzzi\desktop\ai_practice\source\vs2010\buckland_chapter7 to 10_raven\debug\weapon_shotgun.asm
c:\users\hamzzi\desktop\ai_practice\source\vs2010\buckland_chapter7 to 10_raven\debug\attacktargetgoal_evaluator.obj
c:\users\hamzzi\desktop\ai_practice\source\vs2010\buckland_chapter7 to 10_raven\debug\attacktargetgoal_evaluator.asm
c:\users\hamzzi\desktop\ai_practice\source\vs2010\buckland_chapter7 to 10_raven\debug\exploregoal_evaluator.obj
c:\users\hamzzi\desktop\ai_practice\source\vs2010\buckland_chapter7 to 10_raven\debug\exploregoal_evaluator.asm
c:\users\hamzzi\desktop\ai_practice\source\vs2010\buckland_chapter7 to 10_raven\debug\gethealthgoal_evaluator.obj
c:\users\hamzzi\desktop\ai_practice\source\vs2010\buckland_chapter7 to 10_raven\debug\gethealthgoal_evaluator.asm
c:\users\hamzzi\desktop\ai_practice\source\vs2010\buckland_chapter7 to 10_raven\debug\getweapongoal_evaluator.obj
c:\users\hamzzi\desktop\ai_practice\source\vs2010\buckland_chapter7 to 10_raven\debug\getweapongoal_evaluator.asm
c:\users\hamzzi\desktop\ai_practice\source\vs2010\buckland_chapter7 to 10_raven\debug\goal_adjustrange.obj
c:\users\hamzzi\desktop\ai_practice\source\vs2010\buckland_chapter7 to 10_raven\debug\goal_adjustrange.asm
c:\users\hamzzi\desktop\ai_practice\source\vs2010\buckland_chapter7 to 10_raven\debug\raven_game.sbr
c:\users\hamzzi\desktop\ai_practice\source\vs2010\buckland_chapter7 to 10_raven\debug\raven_door.sbr
c:\users\hamzzi\desktop\ai_practice\source\vs2010\buckland_chapter7 to 10_raven\debug\gravemarkers.sbr
c:\users\hamzzi\desktop\ai_practice\source\vs2010\buckland_chapter7 to 10_raven\debug\windowutils.sbr
c:\users\hamzzi\desktop\ai_practice\source\vs2010\buckland_chapter7 to 10_raven\debug\cgdi.sbr
c:\users\hamzzi\desktop\ai_practice\source\vs2010\buckland_chapter7 to 10_raven\debug\fuzzyvariable.sbr
c:\users\hamzzi\desktop\ai_practice\source\vs2010\buckland_chapter7 to 10_raven\debug\fuzzyset_triangle.sbr
c:\users\hamzzi\desktop\ai_practice\source\vs2010\buckland_chapter7 to 10_raven\debug\fuzzyset_singleton.sbr
c:\users\hamzzi\desktop\ai_practice\source\vs2010\buckland_chapter7 to 10_raven\debug\fuzzyset_rightshoulder.sbr
c:\users\hamzzi\desktop\ai_practice\source\vs2010\buckland_chapter7 to 10_raven\debug\fuzzyset_leftshoulder.sbr
c:\users\hamzzi\desktop\ai_practice\source\vs2010\buckland_chapter7 to 10_raven\debug\fuzzyoperators.sbr
c:\users\hamzzi\desktop\ai_practice\source\vs2010\buckland_chapter7 to 10_raven\debug\fuzzymodule.sbr
c:\users\hamzzi\desktop\ai_practice\source\vs2010\buckland_chapter7 to 10_raven\debug\precisiontimer.sbr
c:\users\hamzzi\desktop\ai_practice\source\vs2010\buckland_chapter7 to 10_raven\debug\messagedispatcher.sbr
c:\users\hamzzi\desktop\ai_practice\source\vs2010\buckland_chapter7 to 10_raven\debug\entitymanager.sbr
c:\users\hamzzi\desktop\ai_practice\source\vs2010\buckland_chapter7 to 10_raven\debug\basegameentity.sbr
c:\users\hamzzi\desktop\ai_practice\source\vs2010\buckland_chapter7 to 10_raven\debug\debugconsole.sbr
c:\users\hamzzi\desktop\ai_practice\source\vs2010\buckland_chapter7 to 10_raven\debug\vector2d.sbr
c:\users\hamzzi\desktop\ai_practice\source\vs2010\buckland_chapter7 to 10_raven\debug\vector2d.obj
c:\users\hamzzi\desktop\ai_practice\source\vs2010\buckland_chapter7 to 10_raven\debug\vector2d.asm
c:\users\hamzzi\desktop\ai_practice\source\vs2010\buckland_chapter7 to 10_raven\debug\debugconsole.obj
c:\users\hamzzi\desktop\ai_practice\source\vs2010\buckland_chapter7 to 10_raven\debug\debugconsole.asm
c:\users\hamzzi\desktop\ai_practice\source\vs2010\buckland_chapter7 to 10_raven\debug\basegameentity.obj
c:\users\hamzzi\desktop\ai_practice\source\vs2010\buckland_chapter7 to 10_raven\debug\basegameentity.asm
c:\users\hamzzi\desktop\ai_practice\source\vs2010\buckland_chapter7 to 10_raven\debug\entitymanager.obj
c:\users\hamzzi\desktop\ai_practice\source\vs2010\buckland_chapter7 to 10_raven\debug\entitymanager.asm
c:\users\hamzzi\desktop\ai_practice\source\vs2010\buckland_chapter7 to 10_raven\debug\messagedispatcher.obj
c:\users\hamzzi\desktop\ai_practice\source\vs2010\buckland_chapter7 to 10_raven\debug\messagedispatcher.asm
c:\users\hamzzi\desktop\ai_practice\source\vs2010\buckland_chapter7 to 10_raven\debug\precisiontimer.obj
c:\users\hamzzi\desktop\ai_practice\source\vs2010\buckland_chapter7 to 10_raven\debug\precisiontimer.asm
c:\users\hamzzi\desktop\ai_practice\source\vs2010\buckland_chapter7 to 10_raven\debug\fuzzymodule.obj
c:\users\hamzzi\desktop\ai_practice\source\vs2010\buckland_chapter7 to 10_raven\debug\fuzzymodule.asm
c:\users\hamzzi\desktop\ai_practice\source\vs2010\buckland_chapter7 to 10_raven\debug\fuzzyoperators.obj
c:\users\hamzzi\desktop\ai_practice\source\vs2010\buckland_chapter7 to 10_raven\debug\fuzzyoperators.asm
c:\users\hamzzi\desktop\ai_practice\source\vs2010\buckland_chapter7 to 10_raven\debug\fuzzyset_leftshoulder.obj
c:\users\hamzzi\desktop\ai_practice\source\vs2010\buckland_chapter7 to 10_raven\debug\fuzzyset_leftshoulder.asm
c:\users\hamzzi\desktop\ai_practice\source\vs2010\buckland_chapter7 to 10_raven\debug\fuzzyset_rightshoulder.obj
c:\users\hamzzi\desktop\ai_practice\source\vs2010\buckland_chapter7 to 10_raven\debug\fuzzyset_rightshoulder.asm
c:\users\hamzzi\desktop\ai_practice\source\vs2010\buckland_chapter7 to 10_raven\debug\fuzzyset_singleton.obj
c:\users\hamzzi\desktop\ai_practice\source\vs2010\buckland_chapter7 to 10_raven\debug\fuzzyset_singleton.asm
c:\users\hamzzi\desktop\ai_practice\source\vs2010\buckland_chapter7 to 10_raven\debug\fuzzyset_triangle.obj
c:\users\hamzzi\desktop\ai_practice\source\vs2010\buckland_chapter7 to 10_raven\debug\fuzzyset_triangle.asm
c:\users\hamzzi\desktop\ai_practice\source\vs2010\buckland_chapter7 to 10_raven\debug\fuzzyvariable.obj
c:\users\hamzzi\desktop\ai_practice\source\vs2010\buckland_chapter7 to 10_raven\debug\fuzzyvariable.asm
c:\users\hamzzi\desktop\ai_practice\source\vs2010\buckland_chapter7 to 10_raven\debug\cgdi.obj
c:\users\hamzzi\desktop\ai_practice\source\vs2010\buckland_chapter7 to 10_raven\debug\cgdi.asm
c:\users\hamzzi\desktop\ai_practice\source\vs2010\buckland_chapter7 to 10_raven\debug\windowutils.obj
c:\users\hamzzi\desktop\ai_practice\source\vs2010\buckland_chapter7 to 10_raven\debug\windowutils.asm
c:\users\hamzzi\desktop\ai_practice\source\vs2010\buckland_chapter7 to 10_raven\debug\gravemarkers.obj
c:\users\hamzzi\desktop\ai_practice\source\vs2010\buckland_chapter7 to 10_raven\debug\gravemarkers.asm
c:\users\hamzzi\desktop\ai_practice\source\vs2010\buckland_chapter7 to 10_raven\debug\raven_door.obj
c:\users\hamzzi\desktop\ai_practice\source\vs2010\buckland_chapter7 to 10_raven\debug\raven_door.asm
c:\users\hamzzi\desktop\ai_practice\source\vs2010\buckland_chapter7 to 10_raven\debug\raven_game.obj
c:\users\hamzzi\desktop\ai_practice\source\vs2010\buckland_chapter7 to 10_raven\debug\raven_game.asm
c:\users\hamzzi\desktop\ai_practice\source\vs2010\buckland_chapter7 to 10_raven\debug\goal_runaway.obj
c:\users\hamzzi\desktop\ai_practice\source\vs2010\buckland_chapter7 to 10_raven\debug\goal_runaway.asm
c:\users\hamzzi\desktop\ai_practice\source\vs2010\buckland_chapter7 to 10_raven\debug\goal_strafepattern.sbr
c:\users\hamzzi\desktop\ai_practice\source\vs2010\buckland_chapter7 to 10_raven\debug\goal_strafepattern.obj
c:\users\hamzzi\desktop\ai_practice\source\vs2010\buckland_chapter7 to 10_raven\debug\goal_strafepattern.asm
c:\users\hamzzi\desktop\ai_practice\source\vs2010\buckland_chapter7 to 10_raven\debug\raven.exe
c:\users\hamzzi\desktop\ai_practice\source\vs2010\buckland_chapter7 to 10_raven\debug\raven.pdb
c:\users\hamzzi\desktop\ai_practice\source\vs2010\buckland_chapter7 to 10_raven\debug\script1.res
c:\users\hamzzi\desktop\ai_practice\source\vs2010\buckland_chapter7 to 10_raven\debug\raven.ilk
c:\users\hamzzi\desktop\ai_practice\source\vs2010\buckland_chapter7 to 10_raven\debug\raven.tlog\bscmake.command.1.tlog
c:\users\hamzzi\desktop\ai_practice\source\vs2010\buckland_chapter7 to 10_raven\debug\raven.tlog\bscmake.read.1.tlog
c:\users\hamzzi\desktop\ai_practice\source\vs2010\buckland_chapter7 to 10_raven\debug\raven.tlog\bscmake.write.1.tlog
c:\users\hamzzi\desktop\ai_practice\source\vs2010\buckland_chapter7 to 10_raven\debug\raven.tlog\cl.command.1.tlog
c:\users\hamzzi\desktop\ai_practice\source\vs2010\buckland_chapter7 to 10_raven\debug\raven.tlog\cl.items.tlog
c:\users\hamzzi\desktop\ai_practice\source\vs2010\buckland_chapter7 to 10_raven\debug\raven.tlog\cl.read.1.tlog
c:\users\hamzzi\desktop\ai_practice\source\vs2010\buckland_chapter7 to 10_raven\debug\raven.tlog\cl.write.1.tlog
c:\users\hamzzi\desktop\ai_practice\source\vs2010\buckland_chapter7 to 10_raven\debug\raven.tlog\link.command.1.tlog
c:\users\hamzzi\desktop\ai_practice\source\vs2010\buckland_chapter7 to 10_raven\debug\raven.tlog\link.read.1.tlog
c:\users\hamzzi\desktop\ai_practice\source\vs2010\buckland_chapter7 to 10_raven\debug\raven.tlog\link.secondary.1.tlog
c:\users\hamzzi\desktop\ai_practice\source\vs2010\buckland_chapter7 to 10_raven\debug\raven.tlog\link.write.1.tlog
c:\users\hamzzi\desktop\ai_practice\source\vs2010\buckland_chapter7 to 10_raven\debug\raven.tlog\rc.command.1.tlog
c:\users\hamzzi\desktop\ai_practice\source\vs2010\buckland_chapter7 to 10_raven\debug\raven.tlog\rc.read.1.tlog
c:\users\hamzzi\desktop\ai_practice\source\vs2010\buckland_chapter7 to 10_raven\debug\raven.tlog\rc.write.1.tlog
